<?xml version="1.0" encoding="UTF-8"?>
<testsuite xmlns:xsi="http://www.w3.org/2001/XMLSchema-instance" xsi:noNamespaceSchemaLocation="https://maven.apache.org/surefire/maven-surefire-plugin/xsd/surefire-test-report.xsd" name="org.factoriaf5.ExampleTest" time="6.312" tests="11" errors="0" skipped="0" failures="0">
  <properties>
[...]
</properties>
  <testcase name="testContarLetrasA" classname="org.factoriaf5.ExampleTest" time="0.032"/>
  <testcase name="testEsPrimo" classname="org.factoriaf5.ExampleTest" time="0"/>
  <testcase name="testMensajeConRetraso" classname="org.factoriaf5.ExampleTest" time="6.012"/>
  <testcase name="testSumar" classname="org.factoriaf5.ExampleTest" time="0.227"/>
  <testcase name="testConvertirListaAString" classname="org.factoriaf5.ExampleTest" time="0.002"/>
  <testcase name="testFactorial" classname="org.factoriaf5.ExampleTest" time="0.003"/>
  <testcase name="testConvertirAString" classname="org.factoriaf5.ExampleTest" time="0.001"/>
  <testcase name="testCheckPositivo" classname="org.factoriaf5.ExampleTest" time="0.003"/>
  <testcase name="testRevertirCadena" classname="org.factoriaf5.ExampleTest" time="0.001"/>
  <testcase name="testCalcularMedia" classname="org.factoriaf5.ExampleTest" time="0.004"/>
  <testcase name="testContieneElemento" classname="org.factoriaf5.ExampleTest" time="0"/>
</testsuite>